DEBUG:root:Order:2 3 10.0
DEBUG:root:Finish turn

DEBUG:root:Order:2 4 10.0
DEBUG:root:Finish turn

DEBUG:root:Order:2 19 15.0
DEBUG:root:Finish turn

DEBUG:root:Order:2 20 15.0
DEBUG:root:Order:2 4 42
DEBUG:root:Finish turn

DEBUG:root:Order:2 15 20.0
DEBUG:root:Order:2 4 4
DEBUG:root:Finish turn

DEBUG:root:Order:4 16 20.0
DEBUG:root:Bad order:2 9.0 11
DEBUG:root:Finish turn

DEBUG:root:Order:4 0 26.0
DEBUG:root:Bad order:2 14.0 26
DEBUG:root:Finish turn

DEBUG:root:Bad order:2 19.0 24
DEBUG:root:Bad order:19 1.0 6
DEBUG:root:Finish turn

DEBUG:root:Bad order:2 24.0 26
DEBUG:root:Bad order:19 2.0 4
DEBUG:root:Finish turn

DEBUG:root:Order:2 4 29
DEBUG:root:Order:19 4 3
DEBUG:root:Finish turn

DEBUG:root:Order:2 19 1
DEBUG:root:Order:2 4 2
DEBUG:root:Finish turn

DEBUG:root:Order:4 9 40.0
DEBUG:root:Bad order:2 7.0 12
DEBUG:root:Bad order:19 2.0 8
DEBUG:root:Bad order:15 1.0 6
DEBUG:root:Finish turn

DEBUG:root:Bad order:2 12.0 15
DEBUG:root:Bad order:15 4.0 7
DEBUG:root:Bad order:19 3.0 7
DEBUG:root:Finish turn

DEBUG:root:Order:2 4 17
DEBUG:root:Order:15 4 7
DEBUG:root:Bad order:19 4.0 5
DEBUG:root:Finish turn

DEBUG:root:Order:19 4 3
DEBUG:root:Order:2 4 2
DEBUG:root:Finish turn

DEBUG:root:Order:2 4 2
DEBUG:root:Order:2 19 1
DEBUG:root:Finish turn

DEBUG:root:Order:2 19 2
DEBUG:root:Order:2 4 1
DEBUG:root:Finish turn

DEBUG:root:Order:4 10 40.0
DEBUG:root:Order:2 4 11
DEBUG:root:Order:15 4 11
DEBUG:root:Bad order:19 6.0 8
DEBUG:root:Finish turn

DEBUG:root:Order:19 4 6
DEBUG:root:Order:2 4 2
DEBUG:root:Finish turn

DEBUG:root:Order:2 0 3
DEBUG:root:Order:15 0 1
DEBUG:root:Order:15 4 1
DEBUG:root:Order:15 19 1
DEBUG:root:Finish turn

DEBUG:root:Order:2 9 4
DEBUG:root:Finish turn

DEBUG:root:Order:2 0 1
DEBUG:root:Order:2 9 1
DEBUG:root:Order:2 19 3
DEBUG:root:Order:15 19 1
DEBUG:root:Finish turn

DEBUG:root:Order:19 0 1
DEBUG:root:Finish turn

DEBUG:root:Order:2 0 2
DEBUG:root:Order:2 9 1
DEBUG:root:Order:2 4 3
DEBUG:root:Order:15 4 1
DEBUG:root:Finish turn

DEBUG:root:Order:4 5 46.0
DEBUG:root:Order:15 4 8
DEBUG:root:Order:2 4 7
DEBUG:root:Order:9 4 6
DEBUG:root:Order:0 4 5
DEBUG:root:Order:19 4 5
DEBUG:root:Finish turn

DEBUG:root:Order:2 4 3
DEBUG:root:Order:15 4 1
DEBUG:root:Order:15 0 1
DEBUG:root:Finish turn

DEBUG:root:Order:2 20 4
DEBUG:root:Order:9 20 1
DEBUG:root:Order:15 20 1
DEBUG:root:Finish turn

DEBUG:root:Order:2 16 6
DEBUG:root:Order:15 16 4
DEBUG:root:Order:15 20 4
DEBUG:root:Order:4 20 3
DEBUG:root:Order:9 20 2
DEBUG:root:Finish turn

DEBUG:root:Bad order:2 16.0 28
DEBUG:root:Bad order:0 5.0 26
DEBUG:root:Bad order:9 8.0 26
DEBUG:root:Bad order:19 13.0 25
DEBUG:root:Bad order:20 3.0 24
DEBUG:root:Bad order:15 10.0 22
DEBUG:root:Bad order:16 4.0 20
DEBUG:root:Finish turn

DEBUG:root:Bad order:2 21.0 31
DEBUG:root:Bad order:9 10.0 26
DEBUG:root:Bad order:0 6.0 25
DEBUG:root:Bad order:19 14.0 24
DEBUG:root:Bad order:15 13.0 23
DEBUG:root:Bad order:20 4.0 23
DEBUG:root:Bad order:16 7.0 21
DEBUG:root:Finish turn

DEBUG:root:Bad order:2 26.0 34
DEBUG:root:Bad order:9 12.0 26
DEBUG:root:Bad order:0 8.0 24
DEBUG:root:Bad order:15 16.0 24
DEBUG:root:Bad order:19 15.0 23
DEBUG:root:Bad order:16 10.0 22
DEBUG:root:Bad order:20 5.0 17
DEBUG:root:Finish turn

DEBUG:root:Bad order:2 31.0 37
DEBUG:root:Bad order:9 18.0 26
DEBUG:root:Bad order:15 19.0 25
DEBUG:root:Bad order:0 9.0 23
DEBUG:root:Bad order:16 13.0 23
DEBUG:root:Bad order:19 16.0 22
DEBUG:root:Bad order:20 0.0 10
DEBUG:root:Finish turn

DEBUG:root:Bad order:2 36.0 39
DEBUG:root:Bad order:9 21.0 25
DEBUG:root:Bad order:15 22.0 25
DEBUG:root:Bad order:16 16.0 23
DEBUG:root:Bad order:0 11.0 21
DEBUG:root:Bad order:19 17.0 20
DEBUG:root:Bad order:20 1.0 8
DEBUG:root:Finish turn

DEBUG:root:Order:2 20 19
DEBUG:root:Order:15 20 2
DEBUG:root:Order:15 19 3
DEBUG:root:Order:15 0 2
DEBUG:root:Finish turn

DEBUG:root:Order:2 15 3
DEBUG:root:Order:2 0 2
DEBUG:root:Order:2 19 2
DEBUG:root:Finish turn

DEBUG:root:Order:16 0 1
DEBUG:root:Order:16 2 1
DEBUG:root:Order:16 19 1
DEBUG:root:Finish turn

DEBUG:root:Order:2 0 2
DEBUG:root:Order:2 19 2
DEBUG:root:Finish turn

DEBUG:root:Order:15 0 1
DEBUG:root:Order:15 19 1
DEBUG:root:Finish turn

DEBUG:root:Order:2 0 2
DEBUG:root:Order:2 19 2
DEBUG:root:Finish turn

DEBUG:root:Order:2 0 1
DEBUG:root:Order:2 19 1
DEBUG:root:Order:2 9 1
DEBUG:root:Order:16 9 1
DEBUG:root:Finish turn

DEBUG:root:Order:2 10 6
DEBUG:root:Order:9 10 6
DEBUG:root:Order:15 10 6
DEBUG:root:Order:16 10 6
DEBUG:root:Order:0 10 3
DEBUG:root:Order:19 10 3
DEBUG:root:Finish turn

DEBUG:root:Order:2 10 7
DEBUG:root:Order:15 10 5
DEBUG:root:Order:16 10 5
DEBUG:root:Order:9 10 4
DEBUG:root:Order:0 10 3
DEBUG:root:Order:19 10 3
DEBUG:root:Finish turn

DEBUG:root:Order:2 10 3
DEBUG:root:Order:15 10 1
DEBUG:root:Order:15 0 1
DEBUG:root:Order:16 0 1
DEBUG:root:Finish turn

DEBUG:root:Order:19 6 28.0
DEBUG:root:Order:2 19 10
DEBUG:root:Order:16 19 8
DEBUG:root:Order:0 19 4
DEBUG:root:Order:0 10 7
DEBUG:root:Order:9 10 7
DEBUG:root:Order:15 10 6
DEBUG:root:Finish turn

DEBUG:root:Order:2 10 8
DEBUG:root:Order:15 10 7
DEBUG:root:Order:16 10 6
DEBUG:root:Order:9 10 5
DEBUG:root:Order:19 10 3
DEBUG:root:Finish turn

DEBUG:root:Order:2 10 7
DEBUG:root:Order:15 10 5
DEBUG:root:Order:16 10 5
DEBUG:root:Order:9 10 4
DEBUG:root:Order:0 10 3
DEBUG:root:Order:19 10 3
DEBUG:root:Finish turn

DEBUG:root:Order:2 19 6
DEBUG:root:Order:15 19 4
DEBUG:root:Order:16 19 4
DEBUG:root:Order:9 19 3
DEBUG:root:Order:10 19 3
DEBUG:root:Order:0 19 2
DEBUG:root:Finish turn

DEBUG:root:Order:2 19 3
DEBUG:root:Order:15 19 1
DEBUG:root:Order:15 0 1
DEBUG:root:Finish turn

DEBUG:root:Order:2 19 6
DEBUG:root:Order:16 19 5
DEBUG:root:Order:9 19 3
DEBUG:root:Order:10 19 3
DEBUG:root:Order:15 19 3
DEBUG:root:Order:0 19 2
DEBUG:root:Finish turn

DEBUG:root:Order:2 10 7
DEBUG:root:Order:15 10 5
DEBUG:root:Order:16 10 5
DEBUG:root:Order:9 10 4
DEBUG:root:Order:0 10 3
DEBUG:root:Order:0 19 1
DEBUG:root:Finish turn

DEBUG:root:Order:2 0 2
DEBUG:root:Order:2 19 2
DEBUG:root:Order:2 10 1
DEBUG:root:Finish turn

DEBUG:root:Order:15 0 1
DEBUG:root:Order:15 19 1
DEBUG:root:Order:15 9 1
DEBUG:root:Order:16 9 1
DEBUG:root:Finish turn

DEBUG:root:Order:2 0 1
DEBUG:root:Order:2 19 1
DEBUG:root:Order:2 10 3
DEBUG:root:Order:9 10 1
DEBUG:root:Order:16 10 1
DEBUG:root:Finish turn

DEBUG:root:Bad order:10 0.0 2
DEBUG:root:Bad order:10 0.0 2
DEBUG:root:Bad order:10 0.0 3
DEBUG:root:Finish turn

DEBUG:root:Order:2 0 3
DEBUG:root:Order:2 19 3
DEBUG:root:Order:2 9 3
DEBUG:root:Bad order:10 2.0 3
DEBUG:root:Order:16 9 1
DEBUG:root:Finish turn

DEBUG:root:Order:9 2 2
DEBUG:root:Order:10 2 1
DEBUG:root:Order:10 0 2
DEBUG:root:Finish turn

DEBUG:root:Order:2 0 1
DEBUG:root:Finish turn

DEBUG:root:Order:2 0 2
DEBUG:root:Order:2 10 1
DEBUG:root:Order:2 9 3
DEBUG:root:Order:15 9 1
DEBUG:root:Order:16 9 1
DEBUG:root:Finish turn

DEBUG:root:Order:9 19 11
DEBUG:root:Order:15 19 8
DEBUG:root:Order:16 19 8
DEBUG:root:Order:2 19 7
DEBUG:root:Order:10 19 6
DEBUG:root:Order:0 19 5
DEBUG:root:Finish turn

DEBUG:root:Order:2 19 6
DEBUG:root:Order:15 19 4
DEBUG:root:Order:16 19 4
DEBUG:root:Order:9 19 3
DEBUG:root:Order:10 19 3
DEBUG:root:Order:0 19 2
DEBUG:root:Finish turn

DEBUG:root:Order:2 19 7
DEBUG:root:Order:15 19 5
DEBUG:root:Order:16 19 5
DEBUG:root:Order:9 19 4
DEBUG:root:Order:10 19 4
DEBUG:root:Order:0 19 3
DEBUG:root:Finish turn

DEBUG:root:Order:2 19 6
DEBUG:root:Order:15 19 4
DEBUG:root:Order:16 19 4
DEBUG:root:Order:9 19 3
DEBUG:root:Order:10 19 3
DEBUG:root:Order:0 19 2
DEBUG:root:Finish turn

DEBUG:root:Order:2 19 2
DEBUG:root:Finish turn

DEBUG:root:Order:2 0 2
DEBUG:root:Order:2 19 2
DEBUG:root:Order:2 9 3
DEBUG:root:Order:15 9 1
DEBUG:root:Order:16 9 1
DEBUG:root:Finish turn

DEBUG:root:Order:10 11 54.0
DEBUG:root:Order:9 10 15
DEBUG:root:Order:15 10 12
DEBUG:root:Order:16 10 12
DEBUG:root:Order:0 10 4
DEBUG:root:Order:0 2 9
DEBUG:root:Order:19 2 6
DEBUG:root:Finish turn

DEBUG:root:Order:19 2 5
DEBUG:root:Order:15 2 4
DEBUG:root:Order:16 2 4
DEBUG:root:Order:9 2 3
DEBUG:root:Order:10 2 2
DEBUG:root:Finish turn

DEBUG:root:Order:15 0 1
DEBUG:root:Order:16 0 1
DEBUG:root:Order:16 19 1
DEBUG:root:Finish turn

DEBUG:root:Order:2 0 2
DEBUG:root:Order:2 9 2
DEBUG:root:Finish turn

DEBUG:root:Finish turn

DEBUG:root:Order:2 19 4
DEBUG:root:Order:15 19 2
DEBUG:root:Order:9 19 1
DEBUG:root:Order:9 0 1
DEBUG:root:Order:16 0 1
DEBUG:root:Finish turn

DEBUG:root:Order:2 0 2
DEBUG:root:Order:2 19 2
DEBUG:root:Order:2 9 1
DEBUG:root:Finish turn

DEBUG:root:Order:15 0 1
DEBUG:root:Order:15 19 1
DEBUG:root:Order:15 9 1
DEBUG:root:Order:16 9 1
DEBUG:root:Finish turn

DEBUG:root:Order:9 2 5
DEBUG:root:Order:16 2 5
DEBUG:root:Order:15 2 3
DEBUG:root:Order:0 2 2
DEBUG:root:Order:19 2 2
DEBUG:root:Finish turn

DEBUG:root:Order:2 12 54.0
DEBUG:root:Order:15 2 14
DEBUG:root:Order:16 2 14
DEBUG:root:Order:9 2 13
DEBUG:root:Order:0 2 12
DEBUG:root:Order:19 2 12
DEBUG:root:Finish turn

DEBUG:root:Order:2 0 1
DEBUG:root:Order:2 19 1
DEBUG:root:Order:2 9 2
DEBUG:root:Finish turn

DEBUG:root:Order:9 2 5
DEBUG:root:Order:15 2 5
DEBUG:root:Order:16 2 5
DEBUG:root:Order:0 2 2
DEBUG:root:Order:19 2 2
DEBUG:root:Finish turn

DEBUG:root:Order:15 0 1
DEBUG:root:Order:15 19 1
DEBUG:root:Finish turn

DEBUG:root:Order:16 0 1
DEBUG:root:Order:16 19 1
DEBUG:root:Finish turn

DEBUG:root:Order:15 2 7
DEBUG:root:Order:16 2 7
DEBUG:root:Order:9 2 6
DEBUG:root:Order:0 2 5
DEBUG:root:Order:19 2 5
DEBUG:root:Finish turn

DEBUG:root:Order:15 2 6
DEBUG:root:Order:16 2 6
DEBUG:root:Order:9 2 5
DEBUG:root:Order:0 2 4
DEBUG:root:Order:19 2 4
DEBUG:root:Finish turn

DEBUG:root:Order:15 2 5
DEBUG:root:Order:16 2 5
DEBUG:root:Order:9 2 4
DEBUG:root:Order:0 2 3
DEBUG:root:Order:19 2 3
DEBUG:root:Finish turn

DEBUG:root:Order:15 2 6
DEBUG:root:Order:16 2 6
DEBUG:root:Order:9 2 5
DEBUG:root:Order:0 2 4
DEBUG:root:Order:19 2 4
DEBUG:root:Finish turn

DEBUG:root:Order:15 2 5
DEBUG:root:Order:16 2 5
DEBUG:root:Order:9 2 4
DEBUG:root:Order:0 2 3
DEBUG:root:Order:19 2 3
DEBUG:root:Finish turn

DEBUG:root:Order:2 17 49.0
DEBUG:root:Order:15 2 14
DEBUG:root:Order:16 2 14
DEBUG:root:Order:9 2 13
DEBUG:root:Order:0 2 12
DEBUG:root:Order:19 2 12
DEBUG:root:Finish turn

DEBUG:root:Order:2 15 5
DEBUG:root:Order:16 15 5
DEBUG:root:Order:9 15 4
DEBUG:root:Order:0 15 3
DEBUG:root:Order:19 15 3
DEBUG:root:Finish turn

DEBUG:root:Order:2 9 7
DEBUG:root:Order:16 9 5
DEBUG:root:Order:15 9 4
DEBUG:root:Order:0 9 3
DEBUG:root:Order:19 9 1
DEBUG:root:Order:19 11 3
DEBUG:root:Finish turn

DEBUG:root:Order:2 11 6
DEBUG:root:Order:15 11 4
DEBUG:root:Order:16 11 4
DEBUG:root:Order:0 11 2
DEBUG:root:Order:9 11 2
DEBUG:root:Order:19 11 1
DEBUG:root:Finish turn

DEBUG:root:Order:2 0 1
DEBUG:root:Order:2 19 1
DEBUG:root:Order:2 9 2
DEBUG:root:Finish turn

DEBUG:root:Finish turn

DEBUG:root:Order:2 13 62.0
DEBUG:root:Order:11 2 14
DEBUG:root:Order:15 2 13
DEBUG:root:Order:9 2 12
DEBUG:root:Order:0 2 7
DEBUG:root:Bad order:0 0.0 8
DEBUG:root:Bad order:19 6.0 8
DEBUG:root:Finish turn

DEBUG:root:Order:2 19 5
DEBUG:root:Order:11 19 5
DEBUG:root:Order:15 19 4
DEBUG:root:Order:15 16 4
DEBUG:root:Bad order:0 1.0 3
DEBUG:root:Order:9 16 3
DEBUG:root:Finish turn

DEBUG:root:Order:2 0 6
DEBUG:root:Order:11 0 5
DEBUG:root:Order:9 0 3
DEBUG:root:Order:16 0 2
DEBUG:root:Order:19 0 1
DEBUG:root:Finish turn

DEBUG:root:Order:2 0 7
DEBUG:root:Order:15 0 5
DEBUG:root:Order:16 0 5
DEBUG:root:Bad order:9 3.0 4
DEBUG:root:Order:19 0 3
DEBUG:root:Finish turn

DEBUG:root:Order:9 0 4
DEBUG:root:Order:2 0 3
DEBUG:root:Order:15 0 1
DEBUG:root:Order:15 19 1
DEBUG:root:Order:16 19 1
DEBUG:root:Finish turn

DEBUG:root:Order:2 14 62.0
DEBUG:root:Order:16 2 15
DEBUG:root:Order:15 2 14
DEBUG:root:Order:19 2 14
DEBUG:root:Order:0 2 1
DEBUG:root:Bad order:0 4.0 12
DEBUG:root:Finish turn

DEBUG:root:Bad order:0 5.0 15
DEBUG:root:Order:2 9 7
DEBUG:root:Order:15 9 6
DEBUG:root:Order:19 9 4
DEBUG:root:Finish turn

DEBUG:root:Bad order:0 6.0 15
DEBUG:root:Order:2 9 4
DEBUG:root:Order:15 9 2
DEBUG:root:Finish turn

DEBUG:root:Bad order:0 7.0 17
DEBUG:root:Order:2 15 6
DEBUG:root:Order:17 15 2
DEBUG:root:Order:19 15 2
DEBUG:root:Finish turn

DEBUG:root:Bad order:0 8.0 17
DEBUG:root:Bad order:12 1.0 17
DEBUG:root:Order:2 15 4
DEBUG:root:Order:17 15 4
DEBUG:root:Finish turn

DEBUG:root:Bad order:12 5.0 18
DEBUG:root:Bad order:0 9.0 15
DEBUG:root:Order:2 15 2
DEBUG:root:Order:17 15 2
DEBUG:root:Finish turn

DEBUG:root:Bad order:0 10.0 17
DEBUG:root:Order:2 15 6
DEBUG:root:Order:17 15 6
DEBUG:root:Finish turn

DEBUG:root:Order:0 15 10
DEBUG:root:Bad order:0 3.0 6
DEBUG:root:Order:0 12 1
DEBUG:root:Order:0 19 1
DEBUG:root:Finish turn

DEBUG:root:Order:2 7 64.0
DEBUG:root:Bad order:0 7.0 16
DEBUG:root:Order:15 2 14
DEBUG:root:Order:19 2 12
DEBUG:root:Order:9 2 7
DEBUG:root:Finish turn

DEBUG:root:Bad order:0 1.0 19
DEBUG:root:Order:15 17 5
DEBUG:root:Order:9 17 4
DEBUG:root:Bad order:19 1.0 3
DEBUG:root:Finish turn

DEBUG:root:Bad order:19 2.0 5
DEBUG:root:Order:15 17 4
DEBUG:root:Order:9 17 3
DEBUG:root:Order:2 17 1
DEBUG:root:Finish turn

DEBUG:root:Bad order:14 1.0 22
DEBUG:root:Bad order:14 1.0 6
DEBUG:root:Bad order:14 1.0 25
DEBUG:root:Order:15 17 1
DEBUG:root:Finish turn

DEBUG:root:Order:17 19 7
DEBUG:root:Order:15 19 5
DEBUG:root:Order:9 19 4
DEBUG:root:Order:14 19 2
DEBUG:root:Finish turn

DEBUG:root:Order:17 14 10
DEBUG:root:Order:9 14 7
DEBUG:root:Order:19 14 4
DEBUG:root:Finish turn

DEBUG:root:Bad order:13 1.0 7
DEBUG:root:Bad order:13 1.0 6
DEBUG:root:Bad order:13 1.0 5
DEBUG:root:Bad order:13 1.0 3
DEBUG:root:Finish turn

DEBUG:root:Order:9 18 43.0
DEBUG:root:Order:17 9 12
DEBUG:root:Order:14 9 9
DEBUG:root:Bad order:13 5.0 8
DEBUG:root:Bad order:19 3.0 4
DEBUG:root:Finish turn

DEBUG:root:Order:17 13 6
DEBUG:root:Order:19 13 6
DEBUG:root:Order:14 13 5
DEBUG:root:Finish turn

DEBUG:root:Order:14 17 8
DEBUG:root:Order:13 17 7
DEBUG:root:Order:19 17 5
DEBUG:root:Finish turn

DEBUG:root:Order:13 17 8
DEBUG:root:Bad order:14 5.0 8
DEBUG:root:Bad order:19 1.0 5
DEBUG:root:Finish turn

DEBUG:root:Order:14 17 9
DEBUG:root:Order:13 17 1
DEBUG:root:Finish turn

DEBUG:root:Order:14 13 9
DEBUG:root:Order:17 13 9
DEBUG:root:Finish turn

DEBUG:root:Bad order:17 8.0 10
DEBUG:root:Order:14 13 9
DEBUG:root:Finish turn

DEBUG:root:Order:13 17 4
DEBUG:root:Finish turn

DEBUG:root:Order:13 17 15
DEBUG:root:Finish turn

DEBUG:root:Order:17 13 16
DEBUG:root:Finish turn

DEBUG:root:Bad order:17 10.0 16
DEBUG:root:Finish turn

DEBUG:root:Finish turn

DEBUG:root:Finish turn

DEBUG:root:Finish turn

DEBUG:root:Finish turn

DEBUG:root:Order:18 7 2
DEBUG:root:Finish turn

DEBUG:root:Order:18 7 2
DEBUG:root:Finish turn

DEBUG:root:Bad order:18 12.0 83
DEBUG:root:Bad order:7 4.0 79
DEBUG:root:Finish turn

DEBUG:root:Bad order:18 17.0 97
DEBUG:root:Bad order:7 5.0 89
DEBUG:root:Finish turn

DEBUG:root:Bad order:18 22.0 112
DEBUG:root:Bad order:7 6.0 100
DEBUG:root:Finish turn

DEBUG:root:Bad order:18 27.0 28
DEBUG:root:Finish turn

DEBUG:root:Bad order:18 32.0 51
DEBUG:root:Finish turn

DEBUG:root:Bad order:18 37.0 80
DEBUG:root:Finish turn

DEBUG:root:Bad order:18 42.0 105
DEBUG:root:Finish turn

DEBUG:root:Bad order:18 47.0 131
DEBUG:root:Finish turn

DEBUG:root:Bad order:18 52.0 158
DEBUG:root:Finish turn

DEBUG:root:Bad order:18 57.0 194
DEBUG:root:Finish turn

DEBUG:root:Bad order:18 62.0 221
DEBUG:root:Finish turn

DEBUG:root:Order:18 8 64.0
DEBUG:root:Bad order:18 3.0 227
DEBUG:root:Finish turn

DEBUG:root:Bad order:18 8.0 256
DEBUG:root:Finish turn

DEBUG:root:Finish turn

DEBUG:root:Finish turn

DEBUG:root:Finish turn

DEBUG:root:Finish turn

DEBUG:root:Finish turn

DEBUG:root:Finish turn

DEBUG:root:Finish turn

DEBUG:root:Finish turn

DEBUG:root:Finish turn

DEBUG:root:Finish turn

DEBUG:root:Finish turn

DEBUG:root:Finish turn

DEBUG:root:Finish turn

DEBUG:root:Finish turn

DEBUG:root:Finish turn

DEBUG:root:Finish turn

DEBUG:root:Finish turn

DEBUG:root:Finish turn

DEBUG:root:Finish turn

DEBUG:root:Finish turn

DEBUG:root:Finish turn

DEBUG:root:Finish turn

DEBUG:root:Finish turn

